<?xml version="1.0" encoding="UTF-8"?>
<!-- Generated by org.testng.reporters.JUnitXMLReporter -->
<testsuite ignored="0" hostname="DESKTOP-Q88ETHJ" failures="0" tests="10" name="Default test" time="1.738" errors="0" timestamp="2022-12-05T08:40:19 PST">
  <testcase classname="com.spicejet.objectRepository.TestNGPractice1" name="dataTest" time="0.015"/>
  <testcase classname="com.spicejet.objectRepository.TestNGPractice1" name="dataTest" time="0.014"/>
  <testcase classname="com.spicejet.objectRepository.TestNGPractice1" name="dataTest" time="0.011"/>
  <testcase classname="com.spicejet.objectRepository.TestNGPractice1" name="dataTest" time="0.005"/>
  <testcase classname="com.spicejet.objectRepository.TestNGPractice1" name="dataTest" time="0.009"/>
  <testcase classname="com.spicejet.objectRepository.TestNGPractice1" name="dataTest" time="0.005"/>
  <testcase classname="com.spicejet.objectRepository.TestNGPractice1" name="dataTest" time="0.008"/>
  <testcase classname="com.spicejet.objectRepository.TestNGPractice1" name="dataTest" time="0.001"/>
  <testcase classname="com.spicejet.objectRepository.TestNGPractice1" name="dataTest" time="0.002"/>
  <testcase classname="com.spicejet.objectRepository.TestNGPractice1" name="dataTest" time="0.008"/>
</testsuite> <!-- Default test -->
