<?xml version="1.0" encoding="UTF-8"?>
<!-- Generated by org.testng.reporters.JUnitXMLReporter -->
<testsuite ignored="0" hostname="DESKTOP-Q88ETHJ" failures="0" tests="9" name="methods" time="193.63" errors="0" timestamp="2022-12-06T08:54:41 PST">
  <testcase classname="com.spicejet.ticket.TestPractice2" name="test1" time="33.236"/>
  <testcase classname="com.spicejet.ticket.TestPractice2" name="test2" time="13.682"/>
  <testcase classname="com.spicejet.ticket.TestPractice2" name="test3" time="10.95"/>
  <testcase classname="com.spicejet.ticket.PracticeTest3" name="test1" time="12.09"/>
  <testcase classname="com.spicejet.ticket.PracticeTest3" name="test2" time="32.243"/>
  <testcase classname="com.spicejet.ticket.PracticeTest3" name="test3" time="13.904"/>
  <testcase classname="com.spicejet.ticket.PracticeTest1" name="test1" time="18.678"/>
  <testcase classname="com.spicejet.ticket.PracticeTest1" name="test2" time="19.069"/>
  <testcase classname="com.spicejet.ticket.PracticeTest1" name="test3" time="39.697"/>
</testsuite> <!-- methods -->
